[debug] [2023-03-02T14:52:40.881Z] ----------------------------------------------------------------------
[debug] [2023-03-02T14:52:40.884Z] Command:       C:\Program Files\nodejs\node.exe C:\Users\mittu\AppData\Roaming\npm\node_modules\firebase-tools\lib\bin\firebase.js init
[debug] [2023-03-02T14:52:40.884Z] CLI Version:   11.24.0
[debug] [2023-03-02T14:52:40.885Z] Platform:      win32
[debug] [2023-03-02T14:52:40.885Z] Node Version:  v16.17.0
[debug] [2023-03-02T14:52:40.886Z] Time:          Thu Mar 02 2023 14:52:40 GMT+0000 (Greenwich Mean Time)
[debug] [2023-03-02T14:52:40.886Z] ----------------------------------------------------------------------
[debug] 
[debug] [2023-03-02T14:52:40.897Z] > command requires scopes: ["email","openid","https://www.googleapis.com/auth/cloudplatformprojects.readonly","https://www.googleapis.com/auth/firebase","https://www.googleapis.com/auth/cloud-platform"]
[debug] [2023-03-02T14:52:40.898Z] > authorizing via signed-in user (tarunreddy.kavadi.79@gmail.com)
[info] 
     ######## #### ########  ######## ########     ###     ######  ########
     ##        ##  ##     ## ##       ##     ##  ##   ##  ##       ##
     ######    ##  ########  ######   ########  #########  ######  ######
     ##        ##  ##    ##  ##       ##     ## ##     ##       ## ##
     ##       #### ##     ## ######## ########  ##     ##  ######  ########

You're about to initialize a Firebase project in this directory:

  C:\Users\mittu\Desktop\E-Commerce\client

[info] 
=== Project Setup
[info] 
[info] First, let's associate this project directory with a Firebase project.
[info] You can create multiple project aliases by running firebase use --add, 
[info] but for now we'll just set up a default project.
[info] 
[debug] [2023-03-02T14:53:38.174Z] >>> [apiv2][query] GET https://firebase.googleapis.com/v1beta1/projects pageSize=100
[debug] [2023-03-02T14:53:38.796Z] <<< [apiv2][status] GET https://firebase.googleapis.com/v1beta1/projects 200
[debug] [2023-03-02T14:53:38.796Z] <<< [apiv2][body] GET https://firebase.googleapis.com/v1beta1/projects [omitted]
[info] i  Using project fashion-tarun (Fashion-Tarun) 
[info] 
=== Hosting Setup
[info] 
[info] Your public directory is the folder (relative to your project directory) that
[info] will contain Hosting assets to be uploaded with firebase deploy. If you
[info] have a build process for your assets, use your build's output directory.
[info] 
[info] +  Wrote public/404.html 
[debug] [2023-03-02T14:54:23.254Z] >>> [apiv2][query] GET https://www.gstatic.com/firebasejs/releases.json [none]
[debug] [2023-03-02T14:54:23.376Z] <<< [apiv2][status] GET https://www.gstatic.com/firebasejs/releases.json 200
[debug] [2023-03-02T14:54:23.376Z] <<< [apiv2][body] GET https://www.gstatic.com/firebasejs/releases.json {"current":{"version":"9.17.1","browserURL":"https://www.gstatic.com/firebasejs/9.17.1/firebase.js","packageURL":"https://www.gstatic.com/firebasejs/9.17.1/firebase.tgz"},"live":{"version":"9.17","browserURL":"https://www.gstatic.com/firebasejs/live/9.17/firebase.js","packageURL":"https://www.gstatic.com/firebasejs/live/9.17/firebase.tgz"},"components":{"analytics":"https://www.gstatic.com/firebasejs/9.17.1/firebase-analytics.js","app":"https://www.gstatic.com/firebasejs/9.17.1/firebase-app.js","app-check":"https://www.gstatic.com/firebasejs/9.17.1/firebase-app-check.js","auth":"https://www.gstatic.com/firebasejs/9.17.1/firebase-auth.js","auth/cordova":"https://www.gstatic.com/firebasejs/9.17.1/firebase-auth/cordova.js","auth/react-native":"https://www.gstatic.com/firebasejs/9.17.1/firebase-auth/react-native.js","functions":"https://www.gstatic.com/firebasejs/9.17.1/firebase-functions.js","firestore":"https://www.gstatic.com/firebasejs/9.17.1/firebase-firestore.js","firestore/lite":"https://www.gstatic.com/firebasejs/9.17.1/firebase-firestore/lite.js","installations":"https://www.gstatic.com/firebasejs/9.17.1/firebase-installations.js","storage":"https://www.gstatic.com/firebasejs/9.17.1/firebase-storage.js","performance":"https://www.gstatic.com/firebasejs/9.17.1/firebase-performance.js","remote-config":"https://www.gstatic.com/firebasejs/9.17.1/firebase-remote-config.js","messaging":"https://www.gstatic.com/firebasejs/9.17.1/firebase-messaging.js","messaging/sw":"https://www.gstatic.com/firebasejs/9.17.1/firebase-messaging/sw.js","database":"https://www.gstatic.com/firebasejs/9.17.1/firebase-database.js","firestore.memory":"https://www.gstatic.com/firebasejs/9.17.1/firebase-firestore.memory.js"}}
[info] i  Skipping write of public/index.html 
[info] 
[info] i  Detected a .git folder at C:\Users\mittu\Desktop\E-Commerce\client 
[info] i  Authorizing with GitHub to upload your service account to a GitHub repository's secrets store. 
[info] 
[info] Visit this URL on this device to log in:
[info] https://github.com/login/oauth/authorize?client_id=89cf50f02ac6aaed3484&state=516966107&redirect_uri=http%3A%2F%2Flocalhost%3A9005&scope=read%3Auser%20repo%20public_repo
[info] 
[info] Waiting for authentication...
[debug] [2023-03-02T14:55:09.220Z] >>> [apiv2][query] POST https://github.com/login/oauth/access_token [none]
[debug] [2023-03-02T14:55:09.221Z] >>> [apiv2][body] POST https://github.com/login/oauth/access_token [stream]
[debug] [2023-03-02T14:55:09.709Z] <<< [apiv2][status] POST https://github.com/login/oauth/access_token 200
[debug] [2023-03-02T14:55:09.709Z] <<< [apiv2][body] POST https://github.com/login/oauth/access_token {"access_token":"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","token_type":"bearer","scope":"read:user,repo"}
[debug] [2023-03-02T14:55:09.719Z] >>> [apiv2][query] GET https://api.github.com/user [none]
[debug] [2023-03-02T14:55:10.014Z] <<< [apiv2][status] GET https://api.github.com/user 200
[debug] [2023-03-02T14:55:10.015Z] <<< [apiv2][body] GET https://api.github.com/user {"login":"tarunreddy-kavadi","id":88006490,"node_id":"MDQ6VXNlcjg4MDA2NDkw","avatar_url":"https://avatars.githubusercontent.com/u/88006490?v=4","gravatar_id":"","url":"https://api.github.com/users/tarunreddy-kavadi","html_url":"https://github.com/tarunreddy-kavadi","followers_url":"https://api.github.com/users/tarunreddy-kavadi/followers","following_url":"https://api.github.com/users/tarunreddy-kavadi/following{/other_user}","gists_url":"https://api.github.com/users/tarunreddy-kavadi/gists{/gist_id}","starred_url":"https://api.github.com/users/tarunreddy-kavadi/starred{/owner}{/repo}","subscriptions_url":"https://api.github.com/users/tarunreddy-kavadi/subscriptions","organizations_url":"https://api.github.com/users/tarunreddy-kavadi/orgs","repos_url":"https://api.github.com/users/tarunreddy-kavadi/repos","events_url":"https://api.github.com/users/tarunreddy-kavadi/events{/privacy}","received_events_url":"https://api.github.com/users/tarunreddy-kavadi/received_events","type":"User","site_admin":false,"name":"Tarun Reddy Kavadi","company":null,"blog":"https://tarunreddykavadi-portfolio.netlify.app/","location":"london","email":null,"hireable":null,"bio":"A graduate Web Developer trying for the best....","twitter_username":null,"public_repos":4,"public_gists":0,"followers":2,"following":3,"created_at":"2021-07-26T21:44:44Z","updated_at":"2022-12-03T18:20:40Z","private_gists":0,"total_private_repos":0,"owned_private_repos":0,"disk_usage":21594,"collaborators":0,"two_factor_authentication":false,"plan":{"name":"free","space":976562499,"collaborators":0,"private_repos":10000}}
[info] 
[info] +  Success! Logged into GitHub as tarunreddy-kavadi 
[info] 
[debug] [2023-03-02T14:56:30.666Z] >>> [apiv2][query] GET https://api.github.com/repos//actions/secrets/public-key type=owner
[debug] [2023-03-02T14:56:30.909Z] <<< [apiv2][status] GET https://api.github.com/repos//actions/secrets/public-key 404
[debug] [2023-03-02T14:56:30.910Z] <<< [apiv2][body] GET https://api.github.com/repos//actions/secrets/public-key {"message":"Not Found","documentation_url":"https://docs.github.com/rest"}
[debug] [2023-03-02T14:56:37.251Z] >>> [apiv2][query] GET https://api.github.com/repos//actions/secrets/public-key type=owner
[debug] [2023-03-02T14:56:37.568Z] <<< [apiv2][status] GET https://api.github.com/repos//actions/secrets/public-key 404
[debug] [2023-03-02T14:56:37.569Z] <<< [apiv2][body] GET https://api.github.com/repos//actions/secrets/public-key {"message":"Not Found","documentation_url":"https://docs.github.com/rest"}
[debug] [2023-03-02T14:56:39.401Z] >>> [apiv2][query] GET https://api.github.com/repos//actions/secrets/public-key type=owner
[debug] [2023-03-02T14:56:39.818Z] <<< [apiv2][status] GET https://api.github.com/repos//actions/secrets/public-key 404
[debug] [2023-03-02T14:56:39.819Z] <<< [apiv2][body] GET https://api.github.com/repos//actions/secrets/public-key {"message":"Not Found","documentation_url":"https://docs.github.com/rest"}
[debug] [2023-03-02T14:58:45.865Z] >>> [apiv2][query] GET https://api.github.com/repos/(format: Fashion/repository)/actions/secrets/public-key type=owner
[debug] [2023-03-02T14:58:46.284Z] <<< [apiv2][status] GET https://api.github.com/repos/(format: Fashion/repository)/actions/secrets/public-key 404
[debug] [2023-03-02T14:58:46.285Z] <<< [apiv2][body] GET https://api.github.com/repos/(format: Fashion/repository)/actions/secrets/public-key {"message":"Not Found","documentation_url":"https://docs.github.com/rest/reference/actions#get-a-repository-public-key"}
[debug] [2023-03-02T14:58:53.881Z] >>> [apiv2][query] GET https://api.github.com/repos/(format: Fashion/repository)/actions/secrets/public-key type=owner
[debug] [2023-03-02T14:58:54.168Z] <<< [apiv2][status] GET https://api.github.com/repos/(format: Fashion/repository)/actions/secrets/public-key 404
[debug] [2023-03-02T14:58:54.168Z] <<< [apiv2][body] GET https://api.github.com/repos/(format: Fashion/repository)/actions/secrets/public-key {"message":"Not Found","documentation_url":"https://docs.github.com/rest/reference/actions#get-a-repository-public-key"}
[debug] [2023-03-02T14:58:54.728Z] >>> [apiv2][query] GET https://api.github.com/repos/(format: Fashion/repository)/actions/secrets/public-key type=owner
[debug] [2023-03-02T14:58:55.089Z] <<< [apiv2][status] GET https://api.github.com/repos/(format: Fashion/repository)/actions/secrets/public-key 404
[debug] [2023-03-02T14:58:55.090Z] <<< [apiv2][body] GET https://api.github.com/repos/(format: Fashion/repository)/actions/secrets/public-key {"message":"Not Found","documentation_url":"https://docs.github.com/rest/reference/actions#get-a-repository-public-key"}
[debug] [2023-03-02T14:58:55.505Z] >>> [apiv2][query] GET https://api.github.com/repos/(format: Fashion/repository)/actions/secrets/public-key type=owner
[debug] [2023-03-02T14:58:56.011Z] <<< [apiv2][status] GET https://api.github.com/repos/(format: Fashion/repository)/actions/secrets/public-key 404
[debug] [2023-03-02T14:58:56.011Z] <<< [apiv2][body] GET https://api.github.com/repos/(format: Fashion/repository)/actions/secrets/public-key {"message":"Not Found","documentation_url":"https://docs.github.com/rest/reference/actions#get-a-repository-public-key"}
[debug] [2023-03-02T14:59:21.425Z] >>> [apiv2][query] GET https://api.github.com/repos/ Fashion/repository/actions/secrets/public-key type=owner
[debug] [2023-03-02T14:59:21.819Z] <<< [apiv2][status] GET https://api.github.com/repos/ Fashion/repository/actions/secrets/public-key 404
[debug] [2023-03-02T14:59:21.819Z] <<< [apiv2][body] GET https://api.github.com/repos/ Fashion/repository/actions/secrets/public-key {"message":"Not Found","documentation_url":"https://docs.github.com/rest/reference/actions#get-a-repository-public-key"}
[debug] [2023-03-02T14:59:22.536Z] >>> [apiv2][query] GET https://api.github.com/repos/ Fashion/repository/actions/secrets/public-key type=owner
[debug] [2023-03-02T14:59:22.944Z] <<< [apiv2][status] GET https://api.github.com/repos/ Fashion/repository/actions/secrets/public-key 404
[debug] [2023-03-02T14:59:22.945Z] <<< [apiv2][body] GET https://api.github.com/repos/ Fashion/repository/actions/secrets/public-key {"message":"Not Found","documentation_url":"https://docs.github.com/rest/reference/actions#get-a-repository-public-key"}
[debug] [2023-03-02T14:59:37.952Z] >>> [apiv2][query] GET https://api.github.com/repos/ (Fashion/repository)/actions/secrets/public-key type=owner
[debug] [2023-03-02T14:59:38.302Z] <<< [apiv2][status] GET https://api.github.com/repos/ (Fashion/repository)/actions/secrets/public-key 404
[debug] [2023-03-02T14:59:38.303Z] <<< [apiv2][body] GET https://api.github.com/repos/ (Fashion/repository)/actions/secrets/public-key {"message":"Not Found","documentation_url":"https://docs.github.com/rest/reference/actions#get-a-repository-public-key"}
[debug] [2023-03-02T14:59:38.992Z] >>> [apiv2][query] GET https://api.github.com/repos/ (Fashion/repository)/actions/secrets/public-key type=owner
[debug] [2023-03-02T14:59:39.326Z] <<< [apiv2][status] GET https://api.github.com/repos/ (Fashion/repository)/actions/secrets/public-key 404
[debug] [2023-03-02T14:59:39.327Z] <<< [apiv2][body] GET https://api.github.com/repos/ (Fashion/repository)/actions/secrets/public-key {"message":"Not Found","documentation_url":"https://docs.github.com/rest/reference/actions#get-a-repository-public-key"}
[debug] [2023-03-02T15:00:26.946Z] >>> [apiv2][query] GET https://api.github.com/repos/ (repositories/Fashion)/actions/secrets/public-key type=owner
[debug] [2023-03-02T15:00:27.435Z] <<< [apiv2][status] GET https://api.github.com/repos/ (repositories/Fashion)/actions/secrets/public-key 404
[debug] [2023-03-02T15:00:27.435Z] <<< [apiv2][body] GET https://api.github.com/repos/ (repositories/Fashion)/actions/secrets/public-key {"message":"Not Found","documentation_url":"https://docs.github.com/rest/reference/actions#get-a-repository-public-key"}
[debug] [2023-03-02T15:00:28.865Z] >>> [apiv2][query] GET https://api.github.com/repos/ (repositories/Fashion)/actions/secrets/public-key type=owner
[debug] [2023-03-02T15:00:29.189Z] <<< [apiv2][status] GET https://api.github.com/repos/ (repositories/Fashion)/actions/secrets/public-key 404
[debug] [2023-03-02T15:00:29.189Z] <<< [apiv2][body] GET https://api.github.com/repos/ (repositories/Fashion)/actions/secrets/public-key {"message":"Not Found","documentation_url":"https://docs.github.com/rest/reference/actions#get-a-repository-public-key"}
[debug] [2023-03-02T15:00:29.674Z] >>> [apiv2][query] GET https://api.github.com/repos/ (repositories/Fashion)/actions/secrets/public-key type=owner
[debug] [2023-03-02T15:00:30.010Z] <<< [apiv2][status] GET https://api.github.com/repos/ (repositories/Fashion)/actions/secrets/public-key 404
[debug] [2023-03-02T15:00:30.010Z] <<< [apiv2][body] GET https://api.github.com/repos/ (repositories/Fashion)/actions/secrets/public-key {"message":"Not Found","documentation_url":"https://docs.github.com/rest/reference/actions#get-a-repository-public-key"}
[debug] [2023-03-02T15:01:22.817Z] >>> [apiv2][query] GET https://api.github.com/repos/Fashion/actions/secrets/public-key type=owner
[debug] [2023-03-02T15:01:23.166Z] <<< [apiv2][status] GET https://api.github.com/repos/Fashion/actions/secrets/public-key 404
[debug] [2023-03-02T15:01:23.166Z] <<< [apiv2][body] GET https://api.github.com/repos/Fashion/actions/secrets/public-key {"message":"Not Found","documentation_url":"https://docs.github.com/rest"}
[debug] [2023-03-02T15:01:23.994Z] >>> [apiv2][query] GET https://api.github.com/repos/Fashion/actions/secrets/public-key type=owner
[debug] [2023-03-02T15:01:24.383Z] <<< [apiv2][status] GET https://api.github.com/repos/Fashion/actions/secrets/public-key 404
[debug] [2023-03-02T15:01:24.383Z] <<< [apiv2][body] GET https://api.github.com/repos/Fashion/actions/secrets/public-key {"message":"Not Found","documentation_url":"https://docs.github.com/rest"}
[debug] [2023-03-02T15:01:52.480Z] >>> [apiv2][query] GET https://api.github.com/repos/(format:Fashion/repository)/actions/secrets/public-key type=owner
[debug] [2023-03-02T15:01:52.856Z] <<< [apiv2][status] GET https://api.github.com/repos/(format:Fashion/repository)/actions/secrets/public-key 404
[debug] [2023-03-02T15:01:52.857Z] <<< [apiv2][body] GET https://api.github.com/repos/(format:Fashion/repository)/actions/secrets/public-key {"message":"Not Found","documentation_url":"https://docs.github.com/rest/reference/actions#get-a-repository-public-key"}
[debug] [2023-03-02T15:01:53.439Z] >>> [apiv2][query] GET https://api.github.com/repos/(format:Fashion/repository)/actions/secrets/public-key type=owner
[debug] [2023-03-02T15:01:53.881Z] <<< [apiv2][status] GET https://api.github.com/repos/(format:Fashion/repository)/actions/secrets/public-key 404
[debug] [2023-03-02T15:01:53.881Z] <<< [apiv2][body] GET https://api.github.com/repos/(format:Fashion/repository)/actions/secrets/public-key {"message":"Not Found","documentation_url":"https://docs.github.com/rest/reference/actions#get-a-repository-public-key"}
[debug] [2023-03-02T15:02:21.160Z] >>> [apiv2][query] GET https://api.github.com/repos/(format: Fashion/repository)/actions/secrets/public-key type=owner
[debug] [2023-03-02T15:02:21.528Z] <<< [apiv2][status] GET https://api.github.com/repos/(format: Fashion/repository)/actions/secrets/public-key 404
[debug] [2023-03-02T15:02:21.529Z] <<< [apiv2][body] GET https://api.github.com/repos/(format: Fashion/repository)/actions/secrets/public-key {"message":"Not Found","documentation_url":"https://docs.github.com/rest/reference/actions#get-a-repository-public-key"}
[debug] [2023-03-02T15:02:22.120Z] >>> [apiv2][query] GET https://api.github.com/repos/(format: Fashion/repository)/actions/secrets/public-key type=owner
[debug] [2023-03-02T15:02:22.451Z] <<< [apiv2][status] GET https://api.github.com/repos/(format: Fashion/repository)/actions/secrets/public-key 404
[debug] [2023-03-02T15:02:22.452Z] <<< [apiv2][body] GET https://api.github.com/repos/(format: Fashion/repository)/actions/secrets/public-key {"message":"Not Found","documentation_url":"https://docs.github.com/rest/reference/actions#get-a-repository-public-key"}
